<?xml version="1.0" encoding="UTF-8"?>
<!-- Generated by org.testng.reporters.JUnitXMLReporter -->
<testsuite ignored="0" hostname="Pratik-Lapi" failures="0" tests="6" name="Default test" time="22.795" errors="0" timestamp="2022-07-05T08:05:23 IST">
  <testcase classname="hotstarTesting.ValidateHeader" name="validateOptionTab" time="1.569"/>
  <testcase classname="hotstarTesting.ValidateHeader" name="validateGenresTab" time="1.247"/>
  <testcase classname="hotstarTesting.ValidateHeader" name="validateChannels" time="2.809"/>
  <testcase classname="hotstarTesting.ValidateHeader" name="validateLanguages" time="0.234"/>
  <testcase classname="hotstarTesting.ValidateHeader" name="ValidateOtherTabs" time="5.202"/>
  <testcase classname="hotstarTesting.ValidateHeader" name="takeScreenshot" time="6.627"/>
</testsuite> <!-- Default test -->
