<?xml version="1.0" encoding="UTF-8"?>
<!-- Generated by org.testng.reporters.JUnitXMLReporter -->
<testsuite ignored="0" hostname="Pratik-Lapi" failures="0" tests="3" name="Test" time="8.416" errors="0" timestamp="2022-07-05T08:39:13 IST">
  <testcase classname="orangeHRMTest.RecruitmentPageValidation" name="@BeforeClass logIn" time="0.001">
    <failure type="java.lang.IllegalArgumentException" message="Input must be set">
      <![CDATA[java.lang.IllegalArgumentException: Input must be set
at org.openqa.selenium.internal.Require.nonNull(Require.java:59)
at org.openqa.selenium.support.ui.FluentWait.<init>(FluentWait.java:97)
at org.openqa.selenium.support.ui.WebDriverWait.<init>(WebDriverWait.java:77)
at org.openqa.selenium.support.ui.WebDriverWait.<init>(WebDriverWait.java:46)
at orangeHRM.LogIn.<init>(LogIn.java:33)
at orangeHRMTest.RecruitmentPageValidation.logIn(RecruitmentPageValidation.java:37)
at java.base/java.util.ArrayList.forEach(ArrayList.java:1511)
... Removed 25 stack frames]]>
    </failure>
  </testcase> <!-- @BeforeClass logIn -->
  <testcase classname="orangeHRMTest.AdminValidation" name="validateHomePage" time="0.178"/>
  <testcase classname="orangeHRMTest.RecruitmentPageValidation" name="validateRecruitmentPage" time="0.0">
    <skipped/>
  </testcase> <!-- validateRecruitmentPage -->
  <testcase classname="orangeHRMTest.RecruitmentPageValidation" name="addVacancy" time="0.0">
    <skipped/>
  </testcase> <!-- addVacancy -->
</testsuite> <!-- Test -->
